2022-01-25 09:59:45,567 - arango_featurestore_logger - INFO - Connection information: {'dbName': 'TUTlg04abp7444x55n0q8wp', 'username': 'TUTuhcip47k1mshw7u7trrdkn', 'password': 'TUTrooxdd53d60ba012zkgo3i', 'hostname': 'tutorials.arangodb.cloud', 'port': 8529}
2022-01-25 09:59:46,483 - arango_featurestore_logger - INFO - Connection information: {'dbName': 'TUTlg04abp7444x55n0q8wp', 'username': 'TUTuhcip47k1mshw7u7trrdkn', 'password': 'TUTrooxdd53d60ba012zkgo3i', 'hostname': 'tutorials.arangodb.cloud', 'port': 8529}
2022-01-25 09:59:48,193 - arango_featurestore_logger - INFO - Connection information: {'dbName': 'TUTlg04abp7444x55n0q8wp', 'username': 'TUTuhcip47k1mshw7u7trrdkn', 'password': 'TUTrooxdd53d60ba012zkgo3i', 'hostname': 'tutorials.arangodb.cloud', 'port': 8529}
2022-01-25 09:59:49,267 - arango_featurestore_logger - INFO - Connection information: {'dbName': 'TUTlg04abp7444x55n0q8wp', 'username': 'TUTuhcip47k1mshw7u7trrdkn', 'password': 'TUTrooxdd53d60ba012zkgo3i', 'hostname': 'tutorials.arangodb.cloud', 'port': 8529}
2022-01-25 09:59:50,367 - arango_featurestore_logger - INFO - Connection information: {'dbName': 'TUTlg04abp7444x55n0q8wp', 'username': 'TUTuhcip47k1mshw7u7trrdkn', 'password': 'TUTrooxdd53d60ba012zkgo3i', 'hostname': 'tutorials.arangodb.cloud', 'port': 8529}
2022-01-25 09:59:51,503 - arango_featurestore_logger - INFO - Connection information: {'dbName': 'TUTlg04abp7444x55n0q8wp', 'username': 'TUTuhcip47k1mshw7u7trrdkn', 'password': 'TUTrooxdd53d60ba012zkgo3i', 'hostname': 'tutorials.arangodb.cloud', 'port': 8529}
2022-01-25 09:59:53,471 - arango_featurestore_logger - INFO - Connection information: {'dbName': 'TUTlg04abp7444x55n0q8wp', 'username': 'TUTuhcip47k1mshw7u7trrdkn', 'password': 'TUTrooxdd53d60ba012zkgo3i', 'hostname': 'tutorials.arangodb.cloud', 'port': 8529}
2022-01-25 10:12:53,715 - arango_featurestore_logger - INFO - Connection information: {'dbName': 'TUTlg04abp7444x55n0q8wp', 'username': 'TUTuhcip47k1mshw7u7trrdkn', 'password': 'TUTrooxdd53d60ba012zkgo3i', 'hostname': 'tutorials.arangodb.cloud', 'port': 8529}
2022-01-25 10:12:54,438 - arango_featurestore_logger - INFO - Connection information: {'dbName': 'TUTlg04abp7444x55n0q8wp', 'username': 'TUTuhcip47k1mshw7u7trrdkn', 'password': 'TUTrooxdd53d60ba012zkgo3i', 'hostname': 'tutorials.arangodb.cloud', 'port': 8529}
2022-01-25 10:12:55,143 - arango_featurestore_logger - INFO - Connection information: {'dbName': 'TUTlg04abp7444x55n0q8wp', 'username': 'TUTuhcip47k1mshw7u7trrdkn', 'password': 'TUTrooxdd53d60ba012zkgo3i', 'hostname': 'tutorials.arangodb.cloud', 'port': 8529}
2022-01-25 10:12:56,006 - arango_featurestore_logger - INFO - Connection information: {'dbName': 'TUTlg04abp7444x55n0q8wp', 'username': 'TUTuhcip47k1mshw7u7trrdkn', 'password': 'TUTrooxdd53d60ba012zkgo3i', 'hostname': 'tutorials.arangodb.cloud', 'port': 8529}
2022-01-25 10:12:56,915 - arango_featurestore_logger - INFO - Connection information: {'dbName': 'TUTlg04abp7444x55n0q8wp', 'username': 'TUTuhcip47k1mshw7u7trrdkn', 'password': 'TUTrooxdd53d60ba012zkgo3i', 'hostname': 'tutorials.arangodb.cloud', 'port': 8529}
2022-01-25 10:12:57,876 - arango_featurestore_logger - INFO - Connection information: {'dbName': 'TUTlg04abp7444x55n0q8wp', 'username': 'TUTuhcip47k1mshw7u7trrdkn', 'password': 'TUTrooxdd53d60ba012zkgo3i', 'hostname': 'tutorials.arangodb.cloud', 'port': 8529}
2022-01-25 10:12:59,079 - arango_featurestore_logger - INFO - Connection information: {'dbName': 'TUTlg04abp7444x55n0q8wp', 'username': 'TUTuhcip47k1mshw7u7trrdkn', 'password': 'TUTrooxdd53d60ba012zkgo3i', 'hostname': 'tutorials.arangodb.cloud', 'port': 8529}
2022-01-25 13:59:08,828 - arango_featurestore_logger - INFO - Connection information: {'dbName': 'TUTlg04abp7444x55n0q8wp', 'username': 'TUTuhcip47k1mshw7u7trrdkn', 'password': 'TUTrooxdd53d60ba012zkgo3i', 'hostname': 'tutorials.arangodb.cloud', 'port': 8529}
2022-01-25 13:59:10,158 - arango_featurestore_logger - INFO - feature_store_graph is not provisioned in the database, creating it! 
2022-01-25 13:59:10,781 - arango_featurestore_logger - INFO - entity is not a provisioned collection, creating it! 
2022-01-25 13:59:11,585 - arango_featurestore_logger - INFO - feature-value is not a provisioned collection, creating it! 
2022-01-25 13:59:12,882 - arango_featurestore_logger - INFO - entity-feature-value is not provisioned in the database, creating it! 
2022-01-25 13:59:13,443 - arango_featurestore_logger - INFO - entity-feature-value edge definition is not provisioned in the database, creating it! 
2022-01-25 13:59:15,486 - arango_featurestore_logger - INFO - Connection information: {'dbName': 'TUTlg04abp7444x55n0q8wp', 'username': 'TUTuhcip47k1mshw7u7trrdkn', 'password': 'TUTrooxdd53d60ba012zkgo3i', 'hostname': 'tutorials.arangodb.cloud', 'port': 8529}
2022-01-25 13:59:20,982 - arango_featurestore_logger - INFO - Connection information: {'dbName': 'TUTlg04abp7444x55n0q8wp', 'username': 'TUTuhcip47k1mshw7u7trrdkn', 'password': 'TUTrooxdd53d60ba012zkgo3i', 'hostname': 'tutorials.arangodb.cloud', 'port': 8529}
2022-01-25 13:59:23,439 - arango_featurestore_logger - INFO - Connection information: {'dbName': 'TUTlg04abp7444x55n0q8wp', 'username': 'TUTuhcip47k1mshw7u7trrdkn', 'password': 'TUTrooxdd53d60ba012zkgo3i', 'hostname': 'tutorials.arangodb.cloud', 'port': 8529}
2022-01-25 13:59:27,464 - arango_featurestore_logger - INFO - Edge Key: {'_from': 'entity/test_entitya28a7942-6308-4636-8129-d1a250c411db', '_to': 'feature-value/test_value8545e57c-8d70-44ff-ba6e-30b4105e399c', 'tag': 'model-xyz', '_key': 'test_entitya28a7942-6308-4636-8129-d1a250c411db-test_value8545e57c-8d70-44ff-ba6e-30b4105e399c'}
2022-01-25 13:59:29,043 - arango_featurestore_logger - INFO - Connection information: {'dbName': 'TUTlg04abp7444x55n0q8wp', 'username': 'TUTuhcip47k1mshw7u7trrdkn', 'password': 'TUTrooxdd53d60ba012zkgo3i', 'hostname': 'tutorials.arangodb.cloud', 'port': 8529}
2022-01-25 13:59:32,685 - arango_featurestore_logger - INFO - Found entity: [{'_key': 'test_find_entity', '_id': 'entity/test_find_entity', '_rev': '_dn_YsAa--_', 'attribute': 'some value'}]
2022-01-25 13:59:33,711 - arango_featurestore_logger - INFO - Connection information: {'dbName': 'TUTlg04abp7444x55n0q8wp', 'username': 'TUTuhcip47k1mshw7u7trrdkn', 'password': 'TUTrooxdd53d60ba012zkgo3i', 'hostname': 'tutorials.arangodb.cloud', 'port': 8529}
2022-01-25 13:59:36,784 - arango_featurestore_logger - INFO - Adding two test entities and values...
2022-01-25 13:59:37,263 - arango_featurestore_logger - INFO - Edge Key: {'_from': 'entity/test_entity89f475e1-d4eb-4d22-a8c8-959e63a1b1e5', '_to': 'feature-value/test_value16071985-a6c0-46cc-8e94-62c7d5abd4f7', 'created-by': 'model-xyz', '_key': 'test_entity89f475e1-d4eb-4d22-a8c8-959e63a1b1e5-test_value16071985-a6c0-46cc-8e94-62c7d5abd4f7'}
2022-01-25 13:59:38,643 - arango_featurestore_logger - INFO - Edge Key: {'_from': 'entity/test_entity60305526-239a-4c5a-96ca-8458562bd8be', '_to': 'feature-value/test_value9f8804cc-77a1-4b00-90c0-d78cc2d72a37', 'created-by': 'model-xyz', '_key': 'test_entity60305526-239a-4c5a-96ca-8458562bd8be-test_value9f8804cc-77a1-4b00-90c0-d78cc2d72a37'}
2022-01-25 13:59:39,539 - arango_featurestore_logger - INFO - Updating added entities...
2022-01-25 13:59:39,539 - arango_featurestore_logger - INFO - AQL:FOR doc IN `entity-feature-value` FILTER doc.`created-by` == "model-xyz"  UPDATE doc WITH { tag : "modelABC" } IN `entity-feature-value`
2022-01-25 13:59:39,855 - arango_featurestore_logger - INFO - No records to update in entity-feature-value with created-by = model-xyz !
2022-01-25 13:59:39,856 - arango_featurestore_logger - INFO - Done!
2022-01-25 13:59:41,308 - arango_featurestore_logger - INFO - Connection information: {'dbName': 'TUTlg04abp7444x55n0q8wp', 'username': 'TUTuhcip47k1mshw7u7trrdkn', 'password': 'TUTrooxdd53d60ba012zkgo3i', 'hostname': 'tutorials.arangodb.cloud', 'port': 8529}
2022-01-25 13:59:42,974 - arango_featurestore_logger - INFO - Adding two test entities and values...
2022-01-25 13:59:43,438 - arango_featurestore_logger - INFO - Edge Key: {'_from': 'entity/test_entity38f4c6fd-629b-4d83-a442-09357a64bb72', '_to': 'feature-value/test_valuee1869479-faba-4119-89f1-e5acef9ac004', 'created-by': 'model-xyz', '_key': 'test_entity38f4c6fd-629b-4d83-a442-09357a64bb72-test_valuee1869479-faba-4119-89f1-e5acef9ac004'}
2022-01-25 13:59:44,434 - arango_featurestore_logger - INFO - Edge Key: {'_from': 'entity/test_entity8811666f-0162-4265-a9fe-3e9abddfe87a', '_to': 'feature-value/test_value113b450a-164c-45ea-a472-8bc07f2d0659', 'created-by': 'model-xyz', '_key': 'test_entity8811666f-0162-4265-a9fe-3e9abddfe87a-test_value113b450a-164c-45ea-a472-8bc07f2d0659'}
2022-01-25 13:59:44,643 - arango_featurestore_logger - INFO - Updating added entities...
2022-01-25 13:59:44,644 - arango_featurestore_logger - INFO - AQL:FOR doc IN `entity-feature-value` FILTER doc.`created-by` == "model-xyz"  UPDATE doc WITH { tag : "modelABC" } IN `entity-feature-value`
2022-01-25 13:59:44,973 - arango_featurestore_logger - INFO - No records to update in entity-feature-value with created-by = model-xyz !
2022-01-25 13:59:44,973 - arango_featurestore_logger - INFO - Getting featureset with tag modelABC
2022-01-25 13:59:44,974 - arango_featurestore_logger - INFO - AQL:FOR doc IN `entity-feature-value`  FILTER doc.`tag` == "modelABC" FOR fv in `feature-value` FILTER fv._id == doc._to RETURN fv 
2022-01-25 13:59:45,554 - arango_featurestore_logger - INFO - 4 records returned with feature set tag specified.
2022-01-25 13:59:45,555 - arango_featurestore_logger - INFO - Results: [{'_key': 'test_value16071985-a6c0-46cc-8e94-62c7d5abd4f7', '_id': 'feature-value/test_value16071985-a6c0-46cc-8e94-62c7d5abd4f7', '_rev': '_dn_YxNG--_', 'attribute': [0.1234, 0.1234, 0.1234], 'tag': 'featureset-test'}, {'_key': 'test_value9f8804cc-77a1-4b00-90c0-d78cc2d72a37', '_id': 'feature-value/test_value9f8804cc-77a1-4b00-90c0-d78cc2d72a37', '_rev': '_dn_Yx5W---', 'attribute': [0.1234, 0.1234, 0.1234], 'tag': 'featureset-test'}, {'_key': 'test_valuee1869479-faba-4119-89f1-e5acef9ac004', '_id': 'feature-value/test_valuee1869479-faba-4119-89f1-e5acef9ac004', '_rev': '_dn_Y3QC--A', 'attribute': [0.1234, 0.1234, 0.1234], 'tag': 'featureset-test'}, {'_key': 'test_value113b450a-164c-45ea-a472-8bc07f2d0659', '_id': 'feature-value/test_value113b450a-164c-45ea-a472-8bc07f2d0659', '_rev': '_dn_Y36y--A', 'attribute': [0.1234, 0.1234, 0.1234], 'tag': 'featureset-test'}]
2022-01-25 16:20:37,781 - arango_featurestore_logger - INFO - Connection information: {'dbName': 'TUTvp5ghg7bl8km6rysmea7m', 'username': 'TUTycrrbuzrgrt41lae3772g', 'password': 'TUT87bka37ocwlkl4gehd4tuo', 'hostname': 'tutorials.arangodb.cloud', 'port': 8529}
2022-01-25 16:20:39,128 - arango_featurestore_logger - INFO - feature_store_graph is not provisioned in the database, creating it! 
2022-01-25 16:20:40,357 - arango_featurestore_logger - INFO - entity is not a provisioned collection, creating it! 
2022-01-25 16:20:41,292 - arango_featurestore_logger - INFO - feature-value is not a provisioned collection, creating it! 
2022-01-25 16:20:42,200 - arango_featurestore_logger - INFO - entity-feature-value is not provisioned in the database, creating it! 
2022-01-25 16:20:43,263 - arango_featurestore_logger - INFO - entity-feature-value edge definition is not provisioned in the database, creating it! 
2022-01-25 16:20:46,763 - arango_featurestore_logger - INFO - Connection information: {'dbName': 'TUTrqf08tqjzu8gryhpnid89', 'username': 'TUTkoscyklf0d1hxy6gi4bwg', 'password': 'TUTm2n8cyawvxhvk2zc4lkm39', 'hostname': 'tutorials.arangodb.cloud', 'port': 8529}
2022-01-25 16:20:47,653 - arango_featurestore_logger - INFO - feature_store_graph is not provisioned in the database, creating it! 
2022-01-25 16:20:49,043 - arango_featurestore_logger - INFO - entity is not a provisioned collection, creating it! 
2022-01-25 16:20:49,880 - arango_featurestore_logger - INFO - feature-value is not a provisioned collection, creating it! 
2022-01-25 16:20:50,773 - arango_featurestore_logger - INFO - entity-feature-value is not provisioned in the database, creating it! 
2022-01-25 16:20:51,263 - arango_featurestore_logger - INFO - entity-feature-value edge definition is not provisioned in the database, creating it! 
2022-01-25 16:20:55,214 - arango_featurestore_logger - INFO - Connection information: {'dbName': 'TUTvajcf23fj6wkma0pylpnr', 'username': 'TUT58zb26qwp16sa11w3f9w1', 'password': 'TUTi7tewu76fmaz1e4jvak07n', 'hostname': 'tutorials.arangodb.cloud', 'port': 8529}
2022-01-25 16:20:56,819 - arango_featurestore_logger - INFO - feature_store_graph is not provisioned in the database, creating it! 
2022-01-25 16:20:57,662 - arango_featurestore_logger - INFO - entity is not a provisioned collection, creating it! 
2022-01-25 16:20:58,891 - arango_featurestore_logger - INFO - feature-value is not a provisioned collection, creating it! 
2022-01-25 16:21:00,371 - arango_featurestore_logger - INFO - entity-feature-value is not provisioned in the database, creating it! 
2022-01-25 16:21:01,266 - arango_featurestore_logger - INFO - entity-feature-value edge definition is not provisioned in the database, creating it! 
2022-01-25 16:21:06,145 - arango_featurestore_logger - INFO - Connection information: {'dbName': 'TUTl1ieiurlpb5sqs5w4pdl', 'username': 'TUTjo0xducepa9ql70dt9ntt', 'password': 'TUT35pe8cpkhcgrls5xd1n468', 'hostname': 'tutorials.arangodb.cloud', 'port': 8529}
2022-01-25 16:21:07,217 - arango_featurestore_logger - INFO - feature_store_graph is not provisioned in the database, creating it! 
2022-01-25 16:21:07,993 - arango_featurestore_logger - INFO - entity is not a provisioned collection, creating it! 
2022-01-25 16:21:08,770 - arango_featurestore_logger - INFO - feature-value is not a provisioned collection, creating it! 
2022-01-25 16:21:09,848 - arango_featurestore_logger - INFO - entity-feature-value is not provisioned in the database, creating it! 
2022-01-25 16:21:10,420 - arango_featurestore_logger - INFO - entity-feature-value edge definition is not provisioned in the database, creating it! 
2022-01-25 16:21:10,853 - arango_featurestore_logger - INFO - Edge Key: {'_from': 'entity/test_entity1b80adbf-cba6-4918-917d-98b823bc7d7a', '_to': 'feature-value/test_valuef5a56b0b-c9cb-41ab-a94a-5e41f318ef33', 'tag': 'model-xyz', '_key': 'test_entity1b80adbf-cba6-4918-917d-98b823bc7d7a-test_valuef5a56b0b-c9cb-41ab-a94a-5e41f318ef33'}
2022-01-25 16:21:14,430 - arango_featurestore_logger - INFO - Connection information: {'dbName': 'TUTjepoykslg7fue391cd8g4', 'username': 'TUT32wwkys202maae2pqeiisj', 'password': 'TUT4vw2eip9hegm915he6nidr', 'hostname': 'tutorials.arangodb.cloud', 'port': 8529}
2022-01-25 16:21:15,624 - arango_featurestore_logger - INFO - feature_store_graph is not provisioned in the database, creating it! 
2022-01-25 16:21:16,695 - arango_featurestore_logger - INFO - entity is not a provisioned collection, creating it! 
2022-01-25 16:21:17,525 - arango_featurestore_logger - INFO - feature-value is not a provisioned collection, creating it! 
2022-01-25 16:21:18,596 - arango_featurestore_logger - INFO - entity-feature-value is not provisioned in the database, creating it! 
2022-01-25 16:21:19,026 - arango_featurestore_logger - INFO - entity-feature-value edge definition is not provisioned in the database, creating it! 
2022-01-25 16:21:19,718 - arango_featurestore_logger - INFO - Found entity: [{'_key': 'test_find_entity', '_id': 'entity/test_find_entity', '_rev': '_dnBagNy---', 'attribute': 'some value'}]
2022-01-25 16:21:23,328 - arango_featurestore_logger - INFO - Connection information: {'dbName': 'TUTj5vmeicm70pfl5zap7gwyb', 'username': 'TUT8sfnpl7cf1xor2g2op7it', 'password': 'TUTw116wmxmlmdr680erzxae', 'hostname': 'tutorials.arangodb.cloud', 'port': 8529}
2022-01-25 16:21:25,002 - arango_featurestore_logger - INFO - feature_store_graph is not provisioned in the database, creating it! 
2022-01-25 16:21:26,931 - arango_featurestore_logger - INFO - entity is not a provisioned collection, creating it! 
2022-01-25 16:21:27,855 - arango_featurestore_logger - INFO - feature-value is not a provisioned collection, creating it! 
2022-01-25 16:21:28,655 - arango_featurestore_logger - INFO - entity-feature-value is not provisioned in the database, creating it! 
2022-01-25 16:21:29,217 - arango_featurestore_logger - INFO - entity-feature-value edge definition is not provisioned in the database, creating it! 
2022-01-25 16:21:29,218 - arango_featurestore_logger - INFO - Adding two test entities and values...
2022-01-25 16:21:31,263 - arango_featurestore_logger - INFO - Edge Key: {'_from': 'entity/test_entity5bc9d446-0307-43d0-9650-e61b6c6a2164', '_to': 'feature-value/test_value8f114be4-683a-4bc9-8619-49f0f164a39c', 'created-by': 'model-xyz', '_key': 'test_entity5bc9d446-0307-43d0-9650-e61b6c6a2164-test_value8f114be4-683a-4bc9-8619-49f0f164a39c'}
2022-01-25 16:21:32,242 - arango_featurestore_logger - INFO - Edge Key: {'_from': 'entity/test_entity14c90ce3-31c8-4429-a565-27536527aa4c', '_to': 'feature-value/test_valuef808afa2-2315-43e5-b8f2-deb877ae74dd', 'created-by': 'model-xyz', '_key': 'test_entity14c90ce3-31c8-4429-a565-27536527aa4c-test_valuef808afa2-2315-43e5-b8f2-deb877ae74dd'}
2022-01-25 16:21:32,467 - arango_featurestore_logger - INFO - Updating added entities...
2022-01-25 16:21:32,467 - arango_featurestore_logger - INFO - AQL:FOR doc IN `entity-feature-value` FILTER doc.`created-by` == "model-xyz"  UPDATE doc WITH { tag : "modelABC" } IN `entity-feature-value`
2022-01-25 16:21:32,682 - arango_featurestore_logger - INFO - No records to update in entity-feature-value with created-by = model-xyz !
2022-01-25 16:21:32,682 - arango_featurestore_logger - INFO - Done!
2022-01-25 16:21:37,228 - arango_featurestore_logger - INFO - Connection information: {'dbName': 'TUT8zymui2orj44xjaet3y196', 'username': 'TUTr5438xjbszjx1ljod90h9s', 'password': 'TUTp4mifpfnsnxcku282r77', 'hostname': 'tutorials.arangodb.cloud', 'port': 8529}
2022-01-25 16:21:38,828 - arango_featurestore_logger - INFO - feature_store_graph is not provisioned in the database, creating it! 
2022-01-25 16:21:40,568 - arango_featurestore_logger - INFO - entity is not a provisioned collection, creating it! 
2022-01-25 16:21:42,616 - arango_featurestore_logger - INFO - feature-value is not a provisioned collection, creating it! 
2022-01-25 16:21:44,233 - arango_featurestore_logger - INFO - entity-feature-value is not provisioned in the database, creating it! 
2022-01-25 16:21:44,677 - arango_featurestore_logger - INFO - entity-feature-value edge definition is not provisioned in the database, creating it! 
2022-01-25 16:21:44,679 - arango_featurestore_logger - INFO - Adding two test entities and values...
2022-01-25 16:21:45,228 - arango_featurestore_logger - INFO - Edge Key: {'_from': 'entity/test_entity583d2980-5a40-4841-a2f5-e255e2992aa9', '_to': 'feature-value/test_valuee97bffd9-592c-4f86-b623-9ae91fc03e5f', 'created-by': 'model-xyz', '_key': 'test_entity583d2980-5a40-4841-a2f5-e255e2992aa9-test_valuee97bffd9-592c-4f86-b623-9ae91fc03e5f'}
2022-01-25 16:21:45,952 - arango_featurestore_logger - INFO - Edge Key: {'_from': 'entity/test_entity8e517abd-da98-4003-aa04-35f0ea9c4d4c', '_to': 'feature-value/test_value0b311b3b-cadd-4998-ad5e-91240aabb147', 'created-by': 'model-xyz', '_key': 'test_entity8e517abd-da98-4003-aa04-35f0ea9c4d4c-test_value0b311b3b-cadd-4998-ad5e-91240aabb147'}
2022-01-25 16:21:46,168 - arango_featurestore_logger - INFO - Updating added entities...
2022-01-25 16:21:46,168 - arango_featurestore_logger - INFO - AQL:FOR doc IN `entity-feature-value` FILTER doc.`created-by` == "model-xyz"  UPDATE doc WITH { tag : "modelABC" } IN `entity-feature-value`
2022-01-25 16:21:46,405 - arango_featurestore_logger - INFO - No records to update in entity-feature-value with created-by = model-xyz !
2022-01-25 16:21:46,406 - arango_featurestore_logger - INFO - Getting featureset with tag modelABC
2022-01-25 16:21:46,406 - arango_featurestore_logger - INFO - AQL:FOR doc IN `entity-feature-value`  FILTER doc.`tag` == "modelABC" FOR fv in `feature-value` FILTER fv._id == doc._to RETURN fv 
2022-01-25 16:21:46,627 - arango_featurestore_logger - INFO - 2 records returned with feature set tag specified.
2022-01-25 16:21:46,627 - arango_featurestore_logger - INFO - Results: [{'_key': 'test_valuee97bffd9-592c-4f86-b623-9ae91fc03e5f', '_id': 'feature-value/test_valuee97bffd9-592c-4f86-b623-9ae91fc03e5f', '_rev': '_dnBa5Sm---', 'attribute': [0.1234, 0.1234, 0.1234], 'tag': 'featureset-test'}, {'_key': 'test_value0b311b3b-cadd-4998-ad5e-91240aabb147', '_id': 'feature-value/test_value0b311b3b-cadd-4998-ad5e-91240aabb147', '_rev': '_dnBa6FO--_', 'attribute': [0.1234, 0.1234, 0.1234], 'tag': 'featureset-test'}]
